android/app/build/intermediates/manifest_merge_blame_file/debug/manifest-merger-blame-debug-report.txt
1<?xml version="1.0" encoding="utf-8"?>
2<manifest xmlns:android="http://schemas.android.com/apk/res/android"
3    package="com.weatherapp"
4    android:versionCode="1"
5    android:versionName="1.0" >
6
7    <uses-sdk
8        android:minSdkVersion="23"
9        android:targetSdkVersion="34" />
10
11    <uses-permission android:name="android.permission.INTERNET" />
11-->src/main/AndroidManifest.xml:3:5-67
11-->src/main/AndroidManifest.xml:3:22-64
12    <uses-permission android:name="android.permission.ACCESS_FINE_LOCATION" />
12-->src/main/AndroidManifest.xml:4:5-79
12-->src/main/AndroidManifest.xml:4:22-76
13    <uses-permission android:name="android.permission.ACCESS_COARSE_LOCATION" />
13-->src/main/AndroidManifest.xml:5:5-81
13-->src/main/AndroidManifest.xml:5:22-78
14    <!--
15    This manifest file is used only by Gradle to configure debug-only capabilities
16    for React Native Apps.
17    -->
18    <uses-permission android:name="android.permission.SYSTEM_ALERT_WINDOW" />
18-->[com.facebook.react:react-android:0.74.1] AndroidManifest.xml:16:5-78
18-->[com.facebook.react:react-android:0.74.1] AndroidManifest.xml:16:22-75
19
20    <permission
20-->[androidx.core:core:1.9.0] AndroidManifest.xml:22:5-24:47
21        android:name="com.weatherapp.DYNAMIC_RECEIVER_NOT_EXPORTED_PERMISSION"
21-->[androidx.core:core:1.9.0] AndroidManifest.xml:23:9-81
22        android:protectionLevel="signature" />
22-->[androidx.core:core:1.9.0] AndroidManifest.xml:24:9-44
23
24    <uses-permission android:name="com.weatherapp.DYNAMIC_RECEIVER_NOT_EXPORTED_PERMISSION" />
24-->[androidx.core:core:1.9.0] AndroidManifest.xml:26:5-97
24-->[androidx.core:core:1.9.0] AndroidManifest.xml:26:22-94
25
26    <application
26-->src/main/AndroidManifest.xml:7:5-26:19
27        android:name="com.weatherapp.MainApplication"
27-->src/main/AndroidManifest.xml:8:7-38
28        android:allowBackup="false"
28-->src/main/AndroidManifest.xml:12:7-34
29        android:appComponentFactory="androidx.core.app.CoreComponentFactory"
29-->[androidx.core:core:1.9.0] AndroidManifest.xml:28:18-86
30        android:debuggable="true"
31        android:extractNativeLibs="false"
32        android:icon="@mipmap/ic_launcher"
32-->src/main/AndroidManifest.xml:10:7-41
33        android:label="@string/app_name"
33-->src/main/AndroidManifest.xml:9:7-39
34        android:roundIcon="@mipmap/ic_launcher_round"
34-->src/main/AndroidManifest.xml:11:7-52
35        android:theme="@style/AppTheme"
35-->src/main/AndroidManifest.xml:13:7-38
36        android:usesCleartextTraffic="true" >
36-->src/debug/AndroidManifest.xml:6:9-44
37        <activity
37-->src/main/AndroidManifest.xml:14:7-25:18
38            android:name="com.weatherapp.MainActivity"
38-->src/main/AndroidManifest.xml:15:9-37
39            android:configChanges="keyboard|keyboardHidden|orientation|screenLayout|screenSize|smallestScreenSize|uiMode"
39-->src/main/AndroidManifest.xml:17:9-118
40            android:exported="true"
40-->src/main/AndroidManifest.xml:20:9-32
41            android:label="@string/app_name"
41-->src/main/AndroidManifest.xml:16:9-41
42            android:launchMode="singleTask"
42-->src/main/AndroidManifest.xml:18:9-40
43            android:windowSoftInputMode="adjustResize" >
43-->src/main/AndroidManifest.xml:19:9-51
44            <intent-filter>
44-->src/main/AndroidManifest.xml:21:9-24:25
45                <action android:name="android.intent.action.MAIN" />
45-->src/main/AndroidManifest.xml:22:13-65
45-->src/main/AndroidManifest.xml:22:21-62
46
47                <category android:name="android.intent.category.LAUNCHER" />
47-->src/main/AndroidManifest.xml:23:13-73
47-->src/main/AndroidManifest.xml:23:23-70
48            </intent-filter>
49        </activity>
50        <activity
50-->[com.facebook.react:react-android:0.74.1] AndroidManifest.xml:19:9-21:40
51            android:name="com.facebook.react.devsupport.DevSettingsActivity"
51-->[com.facebook.react:react-android:0.74.1] AndroidManifest.xml:20:13-77
52            android:exported="false" />
52-->[com.facebook.react:react-android:0.74.1] AndroidManifest.xml:21:13-37
53        <activity
53-->[com.google.android.gms:play-services-base:17.5.0] AndroidManifest.xml:23:9-26:75
54            android:name="com.google.android.gms.common.api.GoogleApiActivity"
54-->[com.google.android.gms:play-services-base:17.5.0] AndroidManifest.xml:24:13-79
55            android:exported="false"
55-->[com.google.android.gms:play-services-base:17.5.0] AndroidManifest.xml:25:13-37
56            android:theme="@android:style/Theme.Translucent.NoTitleBar" />
56-->[com.google.android.gms:play-services-base:17.5.0] AndroidManifest.xml:26:13-72
57
58        <meta-data
58-->[com.google.android.gms:play-services-basement:17.5.0] AndroidManifest.xml:23:9-25:69
59            android:name="com.google.android.gms.version"
59-->[com.google.android.gms:play-services-basement:17.5.0] AndroidManifest.xml:24:13-58
60            android:value="@integer/google_play_services_version" />
60-->[com.google.android.gms:play-services-basement:17.5.0] AndroidManifest.xml:25:13-66
61
62        <provider
62-->[androidx.emoji2:emoji2:1.2.0] AndroidManifest.xml:24:9-32:20
63            android:name="androidx.startup.InitializationProvider"
63-->[androidx.emoji2:emoji2:1.2.0] AndroidManifest.xml:25:13-67
64            android:authorities="com.weatherapp.androidx-startup"
64-->[androidx.emoji2:emoji2:1.2.0] AndroidManifest.xml:26:13-68
65            android:exported="false" >
65-->[androidx.emoji2:emoji2:1.2.0] AndroidManifest.xml:27:13-37
66            <meta-data
66-->[androidx.emoji2:emoji2:1.2.0] AndroidManifest.xml:29:13-31:52
67                android:name="androidx.emoji2.text.EmojiCompatInitializer"
67-->[androidx.emoji2:emoji2:1.2.0] AndroidManifest.xml:30:17-75
68                android:value="androidx.startup" />
68-->[androidx.emoji2:emoji2:1.2.0] AndroidManifest.xml:31:17-49
69            <meta-data
69-->[androidx.lifecycle:lifecycle-process:2.4.1] AndroidManifest.xml:31:13-33:52
70                android:name="androidx.lifecycle.ProcessLifecycleInitializer"
70-->[androidx.lifecycle:lifecycle-process:2.4.1] AndroidManifest.xml:32:17-78
71                android:value="androidx.startup" />
71-->[androidx.lifecycle:lifecycle-process:2.4.1] AndroidManifest.xml:33:17-49
72        </provider>
73
74        <meta-data
74-->[com.facebook.soloader:soloader:0.10.5] AndroidManifest.xml:12:9-14:37
75            android:name="com.facebook.soloader.enabled"
75-->[com.facebook.soloader:soloader:0.10.5] AndroidManifest.xml:13:13-57
76            android:value="false" />
76-->[com.facebook.soloader:soloader:0.10.5] AndroidManifest.xml:14:13-34
77    </application>
78
79</manifest>